0 info it worked if it ends with ok
1 verbose cli [ '/Users/Inashyatt1/.nvm/versions/node/v6.9.1/bin/node',
1 verbose cli   '/Users/Inashyatt1/.nvm/versions/node/v6.9.1/bin/npm',
1 verbose cli   'run',
1 verbose cli   'build' ]
2 info using npm@3.10.8
3 info using node@v6.9.1
4 verbose run-script [ 'prebuild', 'build', 'postbuild' ]
5 info lifecycle joey@1.0.1~prebuild: joey@1.0.1
6 silly lifecycle joey@1.0.1~prebuild: no script for prebuild, continuing
7 info lifecycle joey@1.0.1~build: joey@1.0.1
8 verbose lifecycle joey@1.0.1~build: unsafe-perm in lifecycle true
9 verbose lifecycle joey@1.0.1~build: PATH: /Users/Inashyatt1/.nvm/versions/node/v6.9.1/lib/node_modules/npm/bin/node-gyp-bin:/Users/Inashyatt1/Desktop/bot_practice/node_modules/.bin:/Users/Inashyatt1/.nvm/versions/node/v6.9.1/bin:/Applications/Postgres.app/Contents/Versions/latest/bin/:/usr/local/bin:/usr/bin:/bin:/usr/sbin:/sbin:/usr/local/go/bin
10 verbose lifecycle joey@1.0.1~build: CWD: /Users/Inashyatt1/Desktop/bot_practice
11 silly lifecycle joey@1.0.1~build: Args: [ '-c', 'tsc' ]
12 silly lifecycle joey@1.0.1~build: Returned: code: 2  signal: null
13 info lifecycle joey@1.0.1~build: Failed to exec build script
14 verbose stack Error: joey@1.0.1 build: `tsc`
14 verbose stack Exit status 2
14 verbose stack     at EventEmitter.<anonymous> (/Users/Inashyatt1/.nvm/versions/node/v6.9.1/lib/node_modules/npm/lib/utils/lifecycle.js:255:16)
14 verbose stack     at emitTwo (events.js:106:13)
14 verbose stack     at EventEmitter.emit (events.js:191:7)
14 verbose stack     at ChildProcess.<anonymous> (/Users/Inashyatt1/.nvm/versions/node/v6.9.1/lib/node_modules/npm/lib/utils/spawn.js:40:14)
14 verbose stack     at emitTwo (events.js:106:13)
14 verbose stack     at ChildProcess.emit (events.js:191:7)
14 verbose stack     at maybeClose (internal/child_process.js:877:16)
14 verbose stack     at Process.ChildProcess._handle.onexit (internal/child_process.js:226:5)
15 verbose pkgid joey@1.0.1
16 verbose cwd /Users/Inashyatt1/Desktop/bot_practice
17 error Darwin 14.5.0
18 error argv "/Users/Inashyatt1/.nvm/versions/node/v6.9.1/bin/node" "/Users/Inashyatt1/.nvm/versions/node/v6.9.1/bin/npm" "run" "build"
19 error node v6.9.1
20 error npm  v3.10.8
21 error code ELIFECYCLE
22 error joey@1.0.1 build: `tsc`
22 error Exit status 2
23 error Failed at the joey@1.0.1 build script 'tsc'.
23 error Make sure you have the latest version of node.js and npm installed.
23 error If you do, this is most likely a problem with the joey package,
23 error not with npm itself.
23 error Tell the author that this fails on your system:
23 error     tsc
23 error You can get information on how to open an issue for this project with:
23 error     npm bugs joey
23 error Or if that isn't available, you can get their info via:
23 error     npm owner ls joey
23 error There is likely additional logging output above.
24 verbose exit [ 1, true ]
